<?xml version="1.0" encoding="UTF-8"?>
<!-- Generated by org.testng.reporters.JUnitXMLReporter -->
<testsuite ignored="0" hostname="Gamer" failures="0" tests="4" name="Default test" time="1.718" errors="0" timestamp="2024-11-12T00:43:13 IST">
  <testcase classname="org.tests.BaseTest" name="@BeforeClass setUp" time="1.679">
    <failure type="java.lang.NoSuchMethodError" message="&amp;apos;com.google.common.collect.ImmutableMap com.google.common.collect.ImmutableMap.of(java.lang.Object, java.lang.Object, java.lang.Object, java.lang.Object, java.lang.Object, java.lang.Object, java.lang.Object, java.lang.Object, java.lang.Object, java.lang.Object, java.lang.Object, java.lang.Object)&amp;apos;">
      <![CDATA[java.lang.NoSuchMethodError: 'com.google.common.collect.ImmutableMap com.google.common.collect.ImmutableMap.of(java.lang.Object, java.lang.Object, java.lang.Object, java.lang.Object, java.lang.Object, java.lang.Object, java.lang.Object, java.lang.Object, java.lang.Object, java.lang.Object, java.lang.Object, java.lang.Object)'
at org.openqa.selenium.chrome.AddHasCasting.getAdditionalCommands(AddHasCasting.java:38)
at org.openqa.selenium.chrome.ChromeDriver$ChromeDriverCommandExecutor.getExtraCommands(ChromeDriver.java:99)
at org.openqa.selenium.chrome.ChromeDriver$ChromeDriverCommandExecutor.<init>(ChromeDriver.java:94)
at org.openqa.selenium.chrome.ChromeDriver.<init>(ChromeDriver.java:82)
at org.openqa.selenium.chrome.ChromeDriver.<init>(ChromeDriver.java:50)
at org.tests.BaseTest.setUp(BaseTest.java:19)
at java.base/jdk.internal.reflect.DirectMethodHandleAccessor.invoke(DirectMethodHandleAccessor.java:103)
at java.base/java.lang.reflect.Method.invoke(Method.java:580)
at org.testng.internal.MethodInvocationHelper.invokeMethod(MethodInvocationHelper.java:133)
at org.testng.internal.MethodInvocationHelper.invokeMethodConsideringTimeout(MethodInvocationHelper.java:62)
at org.testng.internal.ConfigInvoker.invokeConfigurationMethod(ConfigInvoker.java:385)
at org.testng.internal.ConfigInvoker.invokeConfigurations(ConfigInvoker.java:321)
at org.testng.internal.TestMethodWorker.invokeBeforeClassMethods(TestMethodWorker.java:176)
at org.testng.internal.TestMethodWorker.run(TestMethodWorker.java:122)
at java.base/java.util.ArrayList.forEach(ArrayList.java:1596)
at org.testng.TestRunner.privateRun(TestRunner.java:794)
at org.testng.TestRunner.run(TestRunner.java:596)
at org.testng.SuiteRunner.runTest(SuiteRunner.java:377)
at org.testng.SuiteRunner.runSequentially(SuiteRunner.java:371)
at org.testng.SuiteRunner.privateRun(SuiteRunner.java:332)
at org.testng.SuiteRunner.run(SuiteRunner.java:276)
at org.testng.SuiteRunnerWorker.runSuite(SuiteRunnerWorker.java:53)
at org.testng.SuiteRunnerWorker.run(SuiteRunnerWorker.java:96)
at org.testng.TestNG.runSuitesSequentially(TestNG.java:1212)
at org.testng.TestNG.runSuitesLocally(TestNG.java:1134)
at org.testng.TestNG.runSuites(TestNG.java:1063)
at org.testng.TestNG.run(TestNG.java:1031)
at org.testng.remote.AbstractRemoteTestNG.run(AbstractRemoteTestNG.java:115)
at org.testng.remote.RemoteTestNG.initAndRun(RemoteTestNG.java:293)
at org.testng.remote.RemoteTestNG.main(RemoteTestNG.java:91)
]]>
    </failure>
  </testcase> <!-- @BeforeClass setUp -->
  <testcase classname="org.tests.PasswordGeneratorTest" name="@BeforeMethod initPageObject" time="-1.731352393183E9">
    <skipped/>
  </testcase> <!-- @BeforeMethod initPageObject -->
  <testcase classname="org.tests.PasswordGeneratorTest" name="@BeforeMethod initPageObject" time="-1.731352393186E9">
    <skipped/>
  </testcase> <!-- @BeforeMethod initPageObject -->
  <testcase classname="org.tests.PasswordGeneratorTest" name="@BeforeMethod initPageObject" time="-1.73135239319E9">
    <skipped/>
  </testcase> <!-- @BeforeMethod initPageObject -->
  <testcase classname="org.tests.PasswordGeneratorTest" name="@BeforeMethod initPageObject" time="-1.731352393191E9">
    <skipped/>
  </testcase> <!-- @BeforeMethod initPageObject -->
  <testcase classname="org.tests.BaseTest" name="@AfterClass tearDown" time="-1.731352393194E9">
    <skipped/>
  </testcase> <!-- @AfterClass tearDown -->
  <testcase classname="org.tests.PasswordGeneratorTest" name="testCharacterOptions" time="0.0">
    <skipped/>
  </testcase> <!-- testCharacterOptions -->
  <testcase classname="org.tests.PasswordGeneratorTest" name="testCopyFunctionality" time="0.0">
    <skipped/>
  </testcase> <!-- testCopyFunctionality -->
  <testcase classname="org.tests.PasswordGeneratorTest" name="testPasswordLength" time="0.0">
    <skipped/>
  </testcase> <!-- testPasswordLength -->
  <testcase classname="org.tests.PasswordGeneratorTest" name="testPasswordUniqueness" time="0.0">
    <skipped/>
  </testcase> <!-- testPasswordUniqueness -->
</testsuite> <!-- Default test -->
